<?xml version="1.0" encoding="UTF-8"?>
<testng-results total="5" passed="5" failed="0" skipped="0">
  <reporter-output>
  </reporter-output>
  <suite started-at="2026-05-28T10:45:48Z" name="Test Suite for Buildout" finished-at="2026-05-28T10:48:05Z" duration-ms="137679">
    <groups>
    </groups>
    <test started-at="2026-05-28T10:45:48Z" name="Test Cases for Buildout" finished-at="2026-05-28T10:48:05Z" duration-ms="137679">
      <class name="demo.TestCases">
        <test-method is-config="true" signature="startBrowser()[pri:0, instance:demo.TestCases@10c626be]" started-at="2026-05-28T16:15:48Z" name="startBrowser" finished-at="2026-05-28T16:16:11Z" duration-ms="23920" status="PASS">
          <reporter-output>
          </reporter-output>
        </test-method> <!-- startBrowser -->
        <test-method signature="testCase01()[pri:0, instance:demo.TestCases@10c626be]" started-at="2026-05-28T16:16:12Z" name="testCase01" finished-at="2026-05-28T16:16:32Z" duration-ms="19974" status="PASS">
          <reporter-output>
          </reporter-output>
        </test-method> <!-- testCase01 -->
        <test-method signature="testCase02()[pri:0, instance:demo.TestCases@10c626be]" started-at="2026-05-28T16:16:32Z" name="testCase02" finished-at="2026-05-28T16:16:47Z" duration-ms="15047" status="PASS">
          <reporter-output>
          </reporter-output>
        </test-method> <!-- testCase02 -->
        <test-method signature="testCase03()[pri:0, instance:demo.TestCases@10c626be]" started-at="2026-05-28T16:16:47Z" name="testCase03" finished-at="2026-05-28T16:16:56Z" duration-ms="9907" status="PASS">
          <reporter-output>
          </reporter-output>
        </test-method> <!-- testCase03 -->
        <test-method signature="testCase04()[pri:0, instance:demo.TestCases@10c626be]" started-at="2026-05-28T16:16:56Z" name="testCase04" finished-at="2026-05-28T16:17:21Z" duration-ms="24632" status="PASS">
          <reporter-output>
          </reporter-output>
        </test-method> <!-- testCase04 -->
        <test-method signature="testCase05()[pri:0, instance:demo.TestCases@10c626be]" started-at="2026-05-28T16:17:21Z" name="testCase05" finished-at="2026-05-28T16:17:57Z" duration-ms="35608" status="PASS">
          <reporter-output>
          </reporter-output>
        </test-method> <!-- testCase05 -->
        <test-method is-config="true" signature="teardown()[pri:0, instance:demo.TestCases@10c626be]" started-at="2026-05-28T16:17:57Z" name="teardown" finished-at="2026-05-28T16:18:05Z" duration-ms="8482" status="PASS">
          <reporter-output>
          </reporter-output>
        </test-method> <!-- teardown -->
      </class> <!-- demo.TestCases -->
    </test> <!-- Test Cases for Buildout -->
  </suite> <!-- Test Suite for Buildout -->
</testng-results>
