<?xml version="1.0" encoding="UTF-8"?>
<testng-results total="5" passed="5" failed="0" skipped="0">
  <reporter-output>
  </reporter-output>
  <suite started-at="2026-05-27T19:50:53Z" name="Test Suite for Buildout" finished-at="2026-05-27T19:52:21Z" duration-ms="87391">
    <groups>
    </groups>
    <test started-at="2026-05-27T19:50:53Z" name="Test Cases for Buildout" finished-at="2026-05-27T19:52:21Z" duration-ms="87391">
      <class name="demo.TestCases">
        <test-method is-config="true" signature="setup()[pri:0, instance:demo.TestCases@12f9af83]" started-at="2026-05-28T01:20:53Z" name="setup" finished-at="2026-05-28T01:21:02Z" duration-ms="8834" status="PASS">
          <reporter-output>
          </reporter-output>
        </test-method> <!-- setup -->
        <test-method signature="testCase01()[pri:0, instance:demo.TestCases@12f9af83]" started-at="2026-05-28T01:21:02Z" name="testCase01" finished-at="2026-05-28T01:21:23Z" duration-ms="20980" status="PASS">
          <reporter-output>
          </reporter-output>
        </test-method> <!-- testCase01 -->
        <test-method signature="testCase02()[pri:0, instance:demo.TestCases@12f9af83]" started-at="2026-05-28T01:21:23Z" name="testCase02" finished-at="2026-05-28T01:21:39Z" duration-ms="15515" status="PASS">
          <reporter-output>
          </reporter-output>
        </test-method> <!-- testCase02 -->
        <test-method signature="testCase03()[pri:0, instance:demo.TestCases@12f9af83]" started-at="2026-05-28T01:21:39Z" name="testCase03" finished-at="2026-05-28T01:21:50Z" duration-ms="11167" status="PASS">
          <reporter-output>
          </reporter-output>
        </test-method> <!-- testCase03 -->
        <test-method signature="testCase04()[pri:0, instance:demo.TestCases@12f9af83]" started-at="2026-05-28T01:21:50Z" name="testCase04" finished-at="2026-05-28T01:22:09Z" duration-ms="19375" status="PASS">
          <reporter-output>
          </reporter-output>
        </test-method> <!-- testCase04 -->
        <test-method signature="testCase05()[pri:0, instance:demo.TestCases@12f9af83]" started-at="2026-05-28T01:22:09Z" name="testCase05" finished-at="2026-05-28T01:22:19Z" duration-ms="9388" status="PASS">
          <reporter-output>
          </reporter-output>
        </test-method> <!-- testCase05 -->
        <test-method is-config="true" signature="teardown()[pri:0, instance:demo.TestCases@12f9af83]" started-at="2026-05-28T01:22:19Z" name="teardown" finished-at="2026-05-28T01:22:21Z" duration-ms="2091" status="PASS">
          <reporter-output>
          </reporter-output>
        </test-method> <!-- teardown -->
      </class> <!-- demo.TestCases -->
    </test> <!-- Test Cases for Buildout -->
  </suite> <!-- Test Suite for Buildout -->
</testng-results>
